<?xml version="1.0" encoding="UTF-8"?>
<!-- Generated by org.testng.reporters.JUnitReportReporter -->
<testsuite hostname="CISPL-IO-199.local" failures="0" tests="1" name="Test.BaseTest" time="2.421" errors="0" timestamp="2024-03-11T17:46:42 IST" skipped="0">
  <testcase classname="Test.BaseTest" name="SignUpPageTest" time="2.421"/>
  <system-out/>
</testsuite> <!-- Test.BaseTest -->
